{"uid":"4b4757e66a1912dae1a509f688f20b0f","children":[{"name":"Product defects","children":[{"name":"Element should exist {div[class*='Subproject__container'].snapshot(1 elements)[0]}\nElement: 'Ups, failed to describe the element [caused by: StaleElementReferenceException: stale element reference: stale element not found]'\nActual value: does not exist\nScreenshot: file:/home/runner/work/TeamCity-Testing-Framework/TeamCity-Testing-Framework/build/reports/tests/1743160531123.0.png\nPage source: file:/home/runner/work/TeamCity-Testing-Framework/TeamCity-Testing-Framework/build/reports/tests/1743160531123.0.html\nTimeout: 10 s.","children":[{"name":"User should not be able to crete project without name","uid":"b9ded625d7ab5547","parentUid":"14ef3bdc43807cd1aa2bb42d2c5658a5","status":"failed","time":{"start":1743160510630,"stop":1743160531766,"duration":21136},"flaky":false,"newFailed":true,"newPassed":false,"newBroken":false,"retriesCount":0,"retriesStatusChange":false,"parameters":[],"tags":[]}],"uid":"14ef3bdc43807cd1aa2bb42d2c5658a5"},{"name":"Element should exist {[data-test='sidebar-item'].snapshot(3 elements)[2]}\nElement: 'Ups, failed to describe the element [caused by: StaleElementReferenceException: stale element reference: stale element not found]'\nActual value: does not exist\nScreenshot: file:/home/runner/work/TeamCity-Testing-Framework/TeamCity-Testing-Framework/build/reports/tests/1743160549801.1.png\nPage source: file:/home/runner/work/TeamCity-Testing-Framework/TeamCity-Testing-Framework/build/reports/tests/1743160549801.1.html\nTimeout: 10 s.","children":[{"name":"User should be able to search for project by its full name","uid":"94aba469902c2e4b","parentUid":"88d20d6054932b45a2a61828507d6420","status":"failed","time":{"start":1743160531936,"stop":1743160550271,"duration":18335},"flaky":false,"newFailed":false,"newPassed":false,"newBroken":false,"retriesCount":0,"retriesStatusChange":false,"parameters":[],"tags":[]}],"uid":"88d20d6054932b45a2a61828507d6420"},{"name":"The following asserts failed:\n\texpected [Success] but found [There are no idle compatible agents which can run this build]","children":[{"name":"afterTest","uid":"1c9e0aca83bcb7ad","parentUid":"437b61ed81c78a0ba00c309753b9e7a0","status":"failed","time":{"start":1743160579454,"stop":1743160579455,"duration":1},"flaky":false,"newFailed":false,"newPassed":false,"newBroken":false,"retriesCount":0,"retriesStatusChange":false,"parameters":[],"tags":[]}],"uid":"437b61ed81c78a0ba00c309753b9e7a0"}],"uid":"8fb3a91ba5aaf9de24cc8a92edc82b5d"}],"name":"categories"}